<?xml version="1.0" encoding="UTF-8"?>
<!-- Generated by org.testng.reporters.JUnitReportReporter -->
<testsuite hostname="LAPTOP-ABCK9625" failures="0" tests="1" name="com.cicd.test2" time="1.820" errors="0" timestamp="2022-10-09T09:13:34 IST" skipped="0">
  <testcase classname="com.cicd.test2" name="test2" time="1.820"/>
  <system-out/>
</testsuite> <!-- com.cicd.test2 -->
