<?xml version="1.0" encoding="UTF-8"?>
<!-- Generated by org.testng.reporters.JUnitReportReporter -->
<testsuite hostname="LAPTOP-ABCK9625" failures="0" tests="1" name="com.cicd.test1" time="3.481" errors="0" timestamp="2022-10-10T15:57:03 IST" skipped="0">
  <testcase classname="com.cicd.test1" name="test1" time="3.481"/>
  <system-out/>
</testsuite> <!-- com.cicd.test1 -->
